#
# There is insufficient memory for the Java Runtime Environment to continue.
# Native memory allocation (malloc) failed to allocate 753776 bytes for Chunk::new
# Possible reasons:
#   The system is out of physical RAM or swap space
#   In 32 bit mode, the process size limit was hit
# Possible solutions:
#   Reduce memory load on the system
#   Increase physical memory or swap space
#   Check if swap backing store is full
#   Use 64 bit Java on a 64 bit OS
#   Decrease Java heap size (-Xmx/-Xms)
#   Decrease number of Java threads
#   Decrease Java thread stack sizes (-Xss)
#   Set larger code cache with -XX:ReservedCodeCacheSize=
# This output file may be truncated or incomplete.
#
#  Out of Memory Error (allocation.cpp:390), pid=7896, tid=0x0000000000000d80
#
# JRE version: Java(TM) SE Runtime Environment (8.0_112-b15) (build 1.8.0_112-b15)
# Java VM: Java HotSpot(TM) 64-Bit Server VM (25.112-b15 mixed mode windows-amd64 compressed oops)
# Failed to write core dump. Minidumps are not enabled by default on client versions of Windows
#

---------------  T H R E A D  ---------------

Current thread (0x00000000137ce000):  JavaThread "C2 CompilerThread0" daemon [_thread_in_native, id=3456, stack(0x0000000014e40000,0x0000000014f40000)]

Stack: [0x0000000014e40000,0x0000000014f40000]
[error occurred during error reporting (printing stack bounds), id 0xc0000005]

Native frames: (J=compiled Java code, j=interpreted, Vv=VM code, C=native code)


Current CompileTask:
C2:   2198 1519       4       com.vaadin.sass.internal.parser.SassExpression::replaceVariables (65 bytes)


---------------  P R O C E S S  ---------------

Java Threads: ( => current thread )
  0x000000001382e000 JavaThread "Service Thread" daemon [_thread_blocked, id=3608, stack(0x0000000015540000,0x0000000015640000)]
  0x00000000137d2800 JavaThread "C1 CompilerThread2" daemon [_thread_blocked, id=14648, stack(0x0000000015040000,0x0000000015140000)]
  0x00000000137cf800 JavaThread "C2 CompilerThread1" daemon [_thread_in_native, id=12000, stack(0x0000000014f40000,0x0000000015040000)]
=>0x00000000137ce000 JavaThread "C2 CompilerThread0" daemon [_thread_in_native, id=3456, stack(0x0000000014e40000,0x0000000014f40000)]
  0x00000000137dc800 JavaThread "Attach Listener" daemon [_thread_blocked, id=6028, stack(0x0000000014d40000,0x0000000014e40000)]
  0x00000000137db800 JavaThread "Signal Dispatcher" daemon [_thread_blocked, id=11852, stack(0x0000000014c40000,0x0000000014d40000)]
  0x00000000023ae000 JavaThread "Finalizer" daemon [_thread_blocked, id=14732, stack(0x0000000014a60000,0x0000000014b60000)]
  0x00000000023a3000 JavaThread "Reference Handler" daemon [_thread_blocked, id=9440, stack(0x0000000014960000,0x0000000014a60000)]
  0x00000000022b4000 JavaThread "main" [_thread_in_Java, id=6428, stack(0x0000000002160000,0x0000000002260000)]

Other Threads:
  0x0000000013797000 VMThread [stack: 0x0000000014860000,0x0000000014960000] [id=12100]
  0x000000001518a800 WatcherThread [stack: 0x0000000015640000,0x0000000015740000] [id=11528]

VM state:not at safepoint (normal execution)

VM Mutex/Monitor currently owned by a thread: None

Heap:
 PSYoungGen      total 38400K, used 11907K [0x00000000f5580000, 0x00000000f8000000, 0x0000000100000000)
  eden space 33280K, 33% used [0x00000000f5580000,0x00000000f6088d78,0x00000000f7600000)
  from space 5120K, 11% used [0x00000000f7600000,0x00000000f7698000,0x00000000f7b00000)
  to   space 5120K, 0% used [0x00000000f7b00000,0x00000000f7b00000,0x00000000f8000000)
 ParOldGen       total 87552K, used 8413K [0x00000000e0000000, 0x00000000e5580000, 0x00000000f5580000)
  object space 87552K, 9% used [0x00000000e0000000,0x00000000e0837638,0x00000000e5580000)
 Metaspace       used 6477K, capacity 6600K, committed 6912K, reserved 1056768K
  class space    used 609K, capacity 660K, committed 768K, reserved 1048576K

Card table byte_map: [0x0000000011770000,0x0000000011880000] byte_map_base: 0x0000000011070000

Marking Bits: (ParMarkBitMap*) 0x0000000055aea6d0
 Begin Bits: [0x0000000011d30000, 0x0000000012530000)
 End Bits:   [0x0000000012530000, 0x0000000012d30000)

Polling page: 0x0000000000510000

CodeCache: size=245760Kb used=6296Kb max_used=6296Kb free=239463Kb
 bounds [0x00000000023b0000, 0x00000000029e0000, 0x00000000113b0000]
 total_blobs=1814 nmethods=1529 adapters=197
 compilation: enabled

Compilation events (10 events):
Event: 2.180 Thread 0x00000000137d2800 1558       2       java.text.DecimalFormat::format (67 bytes)
Event: 2.181 Thread 0x00000000137d2800 nmethod 1558 0x00000000029c9d50 code [0x00000000029c9ee0, 0x00000000029ca2f8]
Event: 2.182 Thread 0x00000000137d2800 1559       2       java.text.DigitList::set (73 bytes)
Event: 2.182 Thread 0x00000000137d2800 nmethod 1559 0x00000000029ca510 code [0x00000000029ca6a0, 0x00000000029ca8e8]
Event: 2.182 Thread 0x00000000137d2800 1560       2       java.text.DecimalFormat::subformat (1238 bytes)
Event: 2.194 Thread 0x00000000137d2800 nmethod 1560 0x00000000029caa90 code [0x00000000029cb040, 0x00000000029d2138]
Event: 2.194 Thread 0x00000000137d2800 1561       2       java.text.DecimalFormat::getPositivePrefixFieldPositions (41 bytes)
Event: 2.194 Thread 0x00000000137d2800 nmethod 1561 0x00000000029d92d0 code [0x00000000029d9440, 0x00000000029d9628]
Event: 2.194 Thread 0x00000000137d2800 1562       2       java.text.DecimalFormat::getPositiveSuffixFieldPositions (41 bytes)
Event: 2.194 Thread 0x00000000137d2800 nmethod 1562 0x00000000029d96d0 code [0x00000000029d9840, 0x00000000029d9a28]

GC Heap History (10 events):
Event: 1.800 GC heap before
{Heap before GC invocations=5 (full 0):
 PSYoungGen      total 38400K, used 38368K [0x00000000f5580000, 0x00000000f8000000, 0x0000000100000000)
  eden space 33280K, 100% used [0x00000000f5580000,0x00000000f7600000,0x00000000f7600000)
  from space 5120K, 99% used [0x00000000f7b00000,0x00000000f7ff8020,0x00000000f8000000)
  to   space 5120K, 0% used [0x00000000f7600000,0x00000000f7600000,0x00000000f7b00000)
 ParOldGen       total 87552K, used 3093K [0x00000000e0000000, 0x00000000e5580000, 0x00000000f5580000)
  object space 87552K, 3% used [0x00000000e0000000,0x00000000e0305638,0x00000000e5580000)
 Metaspace       used 6424K, capacity 6600K, committed 6912K, reserved 1056768K
  class space    used 609K, capacity 660K, committed 768K, reserved 1048576K
Event: 1.809 GC heap after
Heap after GC invocations=5 (full 0):
 PSYoungGen      total 38400K, used 5104K [0x00000000f5580000, 0x00000000f8000000, 0x0000000100000000)
  eden space 33280K, 0% used [0x00000000f5580000,0x00000000f5580000,0x00000000f7600000)
  from space 5120K, 99% used [0x00000000f7600000,0x00000000f7afc010,0x00000000f7b00000)
  to   space 5120K, 0% used [0x00000000f7b00000,0x00000000f7b00000,0x00000000f8000000)
 ParOldGen       total 87552K, used 3213K [0x00000000e0000000, 0x00000000e5580000, 0x00000000f5580000)
  object space 87552K, 3% used [0x00000000e0000000,0x00000000e0323638,0x00000000e5580000)
 Metaspace       used 6424K, capacity 6600K, committed 6912K, reserved 1056768K
  class space    used 609K, capacity 660K, committed 768K, reserved 1048576K
}
Event: 1.945 GC heap before
{Heap before GC invocations=6 (full 0):
 PSYoungGen      total 38400K, used 38384K [0x00000000f5580000, 0x00000000f8000000, 0x0000000100000000)
  eden space 33280K, 100% used [0x00000000f5580000,0x00000000f7600000,0x00000000f7600000)
  from space 5120K, 99% used [0x00000000f7600000,0x00000000f7afc010,0x00000000f7b00000)
  to   space 5120K, 0% used [0x00000000f7b00000,0x00000000f7b00000,0x00000000f8000000)
 ParOldGen       total 87552K, used 3213K [0x00000000e0000000, 0x00000000e5580000, 0x00000000f5580000)
  object space 87552K, 3% used [0x00000000e0000000,0x00000000e0323638,0x00000000e5580000)
 Metaspace       used 6443K, capacity 6600K, committed 6912K, reserved 1056768K
  class space    used 609K, capacity 660K, committed 768K, reserved 1048576K
Event: 1.955 GC heap after
Heap after GC invocations=6 (full 0):
 PSYoungGen      total 38400K, used 5088K [0x00000000f5580000, 0x00000000f8000000, 0x0000000100000000)
  eden space 33280K, 0% used [0x00000000f5580000,0x00000000f5580000,0x00000000f7600000)
  from space 5120K, 99% used [0x00000000f7b00000,0x00000000f7ff8020,0x00000000f8000000)
  to   space 5120K, 0% used [0x00000000f7600000,0x00000000f7600000,0x00000000f7b00000)
 ParOldGen       total 87552K, used 3301K [0x00000000e0000000, 0x00000000e5580000, 0x00000000f5580000)
  object space 87552K, 3% used [0x00000000e0000000,0x00000000e0339638,0x00000000e5580000)
 Metaspace       used 6443K, capacity 6600K, committed 6912K, reserved 1056768K
  class space    used 609K, capacity 660K, committed 768K, reserved 1048576K
}
Event: 2.019 GC heap before
{Heap before GC invocations=7 (full 0):
 PSYoungGen      total 38400K, used 38368K [0x00000000f5580000, 0x00000000f8000000, 0x0000000100000000)
  eden space 33280K, 100% used [0x00000000f5580000,0x00000000f7600000,0x00000000f7600000)
  from space 5120K, 99% used [0x00000000f7b00000,0x00000000f7ff8020,0x00000000f8000000)
  to   space 5120K, 0% used [0x00000000f7600000,0x00000000f7600000,0x00000000f7b00000)
 ParOldGen       total 87552K, used 3301K [0x00000000e0000000, 0x00000000e5580000, 0x00000000f5580000)
  object space 87552K, 3% used [0x00000000e0000000,0x00000000e0339638,0x00000000e5580000)
 Metaspace       used 6456K, capacity 6600K, committed 6912K, reserved 1056768K
  class space    used 609K, capacity 660K, committed 768K, reserved 1048576K
Event: 2.028 GC heap after
Heap after GC invocations=7 (full 0):
 PSYoungGen      total 38400K, used 2240K [0x00000000f5580000, 0x00000000f8000000, 0x0000000100000000)
  eden space 33280K, 0% used [0x00000000f5580000,0x00000000f5580000,0x00000000f7600000)
  from space 5120K, 43% used [0x00000000f7600000,0x00000000f7830000,0x00000000f7b00000)
  to   space 5120K, 0% used [0x00000000f7b00000,0x00000000f7b00000,0x00000000f8000000)
 ParOldGen       total 87552K, used 6333K [0x00000000e0000000, 0x00000000e5580000, 0x00000000f5580000)
  object space 87552K, 7% used [0x00000000e0000000,0x00000000e062f628,0x00000000e5580000)
 Metaspace       used 6456K, capacity 6600K, committed 6912K, reserved 1056768K
  class space    used 609K, capacity 660K, committed 768K, reserved 1048576K
}
Event: 2.090 GC heap before
{Heap before GC invocations=8 (full 0):
 PSYoungGen      total 38400K, used 35520K [0x00000000f5580000, 0x00000000f8000000, 0x0000000100000000)
  eden space 33280K, 100% used [0x00000000f5580000,0x00000000f7600000,0x00000000f7600000)
  from space 5120K, 43% used [0x00000000f7600000,0x00000000f7830000,0x00000000f7b00000)
  to   space 5120K, 0% used [0x00000000f7b00000,0x00000000f7b00000,0x00000000f8000000)
 ParOldGen       total 87552K, used 6333K [0x00000000e0000000, 0x00000000e5580000, 0x00000000f5580000)
  object space 87552K, 7% used [0x00000000e0000000,0x00000000e062f628,0x00000000e5580000)
 Metaspace       used 6462K, capacity 6600K, committed 6912K, reserved 1056768K
  class space    used 609K, capacity 660K, committed 768K, reserved 1048576K
Event: 2.097 GC heap after
Heap after GC invocations=8 (full 0):
 PSYoungGen      total 38400K, used 480K [0x00000000f5580000, 0x00000000f8000000, 0x0000000100000000)
  eden space 33280K, 0% used [0x00000000f5580000,0x00000000f5580000,0x00000000f7600000)
  from space 5120K, 9% used [0x00000000f7b00000,0x00000000f7b78000,0x00000000f8000000)
  to   space 5120K, 0% used [0x00000000f7600000,0x00000000f7600000,0x00000000f7b00000)
 ParOldGen       total 87552K, used 8197K [0x00000000e0000000, 0x00000000e5580000, 0x00000000f5580000)
  object space 87552K, 9% used [0x00000000e0000000,0x00000000e0801638,0x00000000e5580000)
 Metaspace       used 6462K, capacity 6600K, committed 6912K, reserved 1056768K
  class space    used 609K, capacity 660K, committed 768K, reserved 1048576K
}
Event: 2.162 GC heap before
{Heap before GC invocations=9 (full 0):
 PSYoungGen      total 38400K, used 33760K [0x00000000f5580000, 0x00000000f8000000, 0x0000000100000000)
  eden space 33280K, 100% used [0x00000000f5580000,0x00000000f7600000,0x00000000f7600000)
  from space 5120K, 9% used [0x00000000f7b00000,0x00000000f7b78000,0x00000000f8000000)
  to   space 5120K, 0% used [0x00000000f7600000,0x00000000f7600000,0x00000000f7b00000)
 ParOldGen       total 87552K, used 8197K [0x00000000e0000000, 0x00000000e5580000, 0x00000000f5580000)
  object space 87552K, 9% used [0x00000000e0000000,0x00000000e0801638,0x00000000e5580000)
 Metaspace       used 6469K, capacity 6600K, committed 6912K, reserved 1056768K
  class space    used 609K, capacity 660K, committed 768K, reserved 1048576K
Event: 2.163 GC heap after
Heap after GC invocations=9 (full 0):
 PSYoungGen      total 38400K, used 608K [0x00000000f5580000, 0x00000000f8000000, 0x0000000100000000)
  eden space 33280K, 0% used [0x00000000f5580000,0x00000000f5580000,0x00000000f7600000)
  from space 5120K, 11% used [0x00000000f7600000,0x00000000f7698000,0x00000000f7b00000)
  to   space 5120K, 0% used [0x00000000f7b00000,0x00000000f7b00000,0x00000000f8000000)
 ParOldGen       total 87552K, used 8413K [0x00000000e0000000, 0x00000000e5580000, 0x00000000f5580000)
  object space 87552K, 9% used [0x00000000e0000000,0x00000000e0837638,0x00000000e5580000)
 Metaspace       used 6469K, capacity 6600K, committed 6912K, reserved 1056768K
  class space    used 609K, capacity 660K, committed 768K, reserved 1048576K
}

Deoptimization events (10 events):
Event: 1.413 Thread 0x00000000022b4000 Uncommon trap: reason=bimorphic action=maybe_recompile pc=0x00000000027c09d8 method=java.util.regex.Pattern$BmpCharProperty.match(Ljava/util/regex/Matcher;ILjava/lang/CharSequence;)Z @ 16
Event: 1.421 Thread 0x00000000022b4000 Uncommon trap: reason=bimorphic action=maybe_recompile pc=0x00000000028bb7cc method=java.util.Collections$UnmodifiableCollection.size()I @ 4
Event: 1.546 Thread 0x00000000022b4000 Uncommon trap: reason=bimorphic action=maybe_recompile pc=0x00000000028cd2c4 method=com.vaadin.sass.internal.parser.ArgumentList.evaluateFunctionsAndExpressions(Lcom/vaadin/sass/internal/ScssContext;Z)Lcom/vaadin/sass/internal/parser/ArgumentList; @ 115
Event: 1.546 Thread 0x00000000022b4000 Uncommon trap: reason=bimorphic action=maybe_recompile pc=0x00000000028cd2c4 method=com.vaadin.sass.internal.parser.ArgumentList.evaluateFunctionsAndExpressions(Lcom/vaadin/sass/internal/ScssContext;Z)Lcom/vaadin/sass/internal/parser/ArgumentList; @ 115
Event: 1.547 Thread 0x00000000022b4000 Uncommon trap: reason=bimorphic action=maybe_recompile pc=0x00000000028cd2c4 method=com.vaadin.sass.internal.parser.ArgumentList.evaluateFunctionsAndExpressions(Lcom/vaadin/sass/internal/ScssContext;Z)Lcom/vaadin/sass/internal/parser/ArgumentList; @ 115
Event: 1.551 Thread 0x00000000022b4000 Uncommon trap: reason=bimorphic action=maybe_recompile pc=0x00000000028cd2c4 method=com.vaadin.sass.internal.parser.ArgumentList.evaluateFunctionsAndExpressions(Lcom/vaadin/sass/internal/ScssContext;Z)Lcom/vaadin/sass/internal/parser/ArgumentList; @ 115
Event: 1.695 Thread 0x00000000022b4000 Uncommon trap: reason=class_check action=maybe_recompile pc=0x0000000002962e58 method=com.vaadin.sass.internal.parser.ArgumentList.replaceVariables(Lcom/vaadin/sass/internal/ScssContext;)Lcom/vaadin/sass/internal/parser/ArgumentList; @ 108
Event: 1.695 Thread 0x00000000022b4000 Uncommon trap: reason=class_check action=maybe_recompile pc=0x0000000002962704 method=com.vaadin.sass.internal.parser.ArgumentList.replaceVariables(Lcom/vaadin/sass/internal/ScssContext;)Lcom/vaadin/sass/internal/parser/ArgumentList; @ 108
Event: 1.695 Thread 0x00000000022b4000 Uncommon trap: reason=class_check action=maybe_recompile pc=0x0000000002962704 method=com.vaadin.sass.internal.parser.ArgumentList.replaceVariables(Lcom/vaadin/sass/internal/ScssContext;)Lcom/vaadin/sass/internal/parser/ArgumentList; @ 108
Event: 1.704 Thread 0x00000000022b4000 Uncommon trap: reason=class_check action=maybe_recompile pc=0x0000000002962e58 method=com.vaadin.sass.internal.parser.ArgumentList.replaceVariables(Lcom/vaadin/sass/internal/ScssContext;)Lcom/vaadin/sass/internal/parser/ArgumentList; @ 108

Internal exceptions (10 events):
Event: 1.368 Thread 0x00000000022b4000 Exception <a 'java/io/FileNotFoundException'> (0x00000000f6802ee8) thrown at [C:\re\workspace\8-2-build-windows-amd64-cygwin\jdk8u112\7884\hotspot\src\share\vm\prims\jni.cpp, line 709]
Event: 1.370 Thread 0x00000000022b4000 Exception <a 'java/io/FileNotFoundException'> (0x00000000f6829ad0) thrown at [C:\re\workspace\8-2-build-windows-amd64-cygwin\jdk8u112\7884\hotspot\src\share\vm\prims\jni.cpp, line 709]
Event: 1.370 Thread 0x00000000022b4000 Exception <a 'java/io/FileNotFoundException'> (0x00000000f682ab58) thrown at [C:\re\workspace\8-2-build-windows-amd64-cygwin\jdk8u112\7884\hotspot\src\share\vm\prims\jni.cpp, line 709]
Event: 1.370 Thread 0x00000000022b4000 Exception <a 'java/io/FileNotFoundException'> (0x00000000f682b448) thrown at [C:\re\workspace\8-2-build-windows-amd64-cygwin\jdk8u112\7884\hotspot\src\share\vm\prims\jni.cpp, line 709]
Event: 1.371 Thread 0x00000000022b4000 Exception <a 'java/io/FileNotFoundException'> (0x00000000f684ebd8) thrown at [C:\re\workspace\8-2-build-windows-amd64-cygwin\jdk8u112\7884\hotspot\src\share\vm\prims\jni.cpp, line 709]
Event: 1.371 Thread 0x00000000022b4000 Exception <a 'java/io/FileNotFoundException'> (0x00000000f684fc60) thrown at [C:\re\workspace\8-2-build-windows-amd64-cygwin\jdk8u112\7884\hotspot\src\share\vm\prims\jni.cpp, line 709]
Event: 1.372 Thread 0x00000000022b4000 Exception <a 'java/io/FileNotFoundException'> (0x00000000f6850550) thrown at [C:\re\workspace\8-2-build-windows-amd64-cygwin\jdk8u112\7884\hotspot\src\share\vm\prims\jni.cpp, line 709]
Event: 1.379 Thread 0x00000000022b4000 Exception <a 'java/io/FileNotFoundException'> (0x00000000f694df60) thrown at [C:\re\workspace\8-2-build-windows-amd64-cygwin\jdk8u112\7884\hotspot\src\share\vm\prims\jni.cpp, line 709]
Event: 1.379 Thread 0x00000000022b4000 Exception <a 'java/io/FileNotFoundException'> (0x00000000f694f020) thrown at [C:\re\workspace\8-2-build-windows-amd64-cygwin\jdk8u112\7884\hotspot\src\share\vm\prims\jni.cpp, line 709]
Event: 1.379 Thread 0x00000000022b4000 Exception <a 'java/io/FileNotFoundException'> (0x00000000f694f938) thrown at [C:\re\workspace\8-2-build-windows-amd64-cygwin\jdk8u112\7884\hotspot\src\share\vm\prims\jni.cpp, line 709]

Events (10 events):
Event: 1.882 Thread 0x00000000022b4000 DEOPT PACKING pc=0x00000000027bd759 sp=0x000000000225a150
Event: 1.882 Thread 0x00000000022b4000 DEOPT UNPACKING pc=0x00000000023f787f sp=0x0000000002259f10 mode 0
Event: 1.945 Executing VM operation: ParallelGCFailedAllocation
Event: 1.955 Executing VM operation: ParallelGCFailedAllocation done
Event: 2.019 Executing VM operation: ParallelGCFailedAllocation
Event: 2.028 Executing VM operation: ParallelGCFailedAllocation done
Event: 2.090 Executing VM operation: ParallelGCFailedAllocation
Event: 2.097 Executing VM operation: ParallelGCFailedAllocation done
Event: 2.161 Executing VM operation: ParallelGCFailedAllocation
Event: 2.163 Executing VM operation: ParallelGCFailedAllocation done


Dynamic libraries:
0x00007ff6ea4d0000 - 0x00007ff6ea507000 	C:\Nir\jdk\jre\bin\java.exe
0x00007fff9b410000 - 0x00007fff9b5d1000 	C:\windows\SYSTEM32\ntdll.dll
0x00007fff991d0000 - 0x00007fff9927d000 	C:\windows\system32\KERNEL32.DLL
0x00007fff97d40000 - 0x00007fff97f28000 	C:\windows\system32\KERNELBASE.dll
0x00007fff98930000 - 0x00007fff989d7000 	C:\windows\system32\ADVAPI32.dll
0x00007fff993a0000 - 0x00007fff9943d000 	C:\windows\system32\msvcrt.dll
0x00007fff9afb0000 - 0x00007fff9b00b000 	C:\windows\system32\sechost.dll
0x00007fff9b010000 - 0x00007fff9b12c000 	C:\windows\system32\RPCRT4.dll
0x00007fff98c60000 - 0x00007fff98db6000 	C:\windows\system32\USER32.dll
0x00007fff9b130000 - 0x00007fff9b2b6000 	C:\windows\system32\GDI32.dll
0x00007fff8f7d0000 - 0x00007fff8fa44000 	C:\windows\WinSxS\amd64_microsoft.windows.common-controls_6595b64144ccf1df_6.0.10586.672_none_a2d6b3cea53ff843\COMCTL32.dll
0x00007fff989e0000 - 0x00007fff98c5d000 	C:\windows\system32\combase.dll
0x00007fff97f30000 - 0x00007fff97f9a000 	C:\windows\system32\bcryptPrimitives.dll
0x00007fff992e0000 - 0x00007fff9931b000 	C:\windows\system32\IMM32.DLL
0x0000000055b70000 - 0x0000000055c42000 	C:\Nir\jdk\jre\bin\msvcr100.dll
0x00000000552d0000 - 0x0000000055b6a000 	C:\Nir\jdk\jre\bin\server\jvm.dll
0x00007fff99060000 - 0x00007fff99068000 	C:\windows\system32\PSAPI.DLL
0x00007fff8ee90000 - 0x00007fff8ee99000 	C:\windows\SYSTEM32\WSOCK32.dll
0x00007fff961b0000 - 0x00007fff961d3000 	C:\windows\SYSTEM32\WINMM.dll
0x00007fff87c90000 - 0x00007fff87c9a000 	C:\windows\SYSTEM32\VERSION.dll
0x00007fff99320000 - 0x00007fff9938b000 	C:\windows\system32\WS2_32.dll
0x0000000000920000 - 0x000000000094c000 	C:\windows\SYSTEM32\WINMMBASE.dll
0x00007fff98610000 - 0x00007fff98653000 	C:\windows\system32\cfgmgr32.dll
0x00000000552c0000 - 0x00000000552cf000 	C:\Nir\jdk\jre\bin\verify.dll
0x0000000055290000 - 0x00000000552b9000 	C:\Nir\jdk\jre\bin\java.dll
0x0000000055270000 - 0x0000000055286000 	C:\Nir\jdk\jre\bin\zip.dll
0x00007fff999f0000 - 0x00007fff9af4c000 	C:\windows\system32\SHELL32.dll
0x00007fff97fa0000 - 0x00007fff985e5000 	C:\windows\system32\windows.storage.dll
0x00007fff9af50000 - 0x00007fff9afa2000 	C:\windows\system32\shlwapi.dll
0x00007fff97a50000 - 0x00007fff97a5f000 	C:\windows\system32\kernel.appcore.dll
0x00007fff986c0000 - 0x00007fff98775000 	C:\windows\system32\shcore.dll
0x00007fff97a60000 - 0x00007fff97aab000 	C:\windows\system32\powrprof.dll
0x00007fff97a30000 - 0x00007fff97a44000 	C:\windows\system32\profapi.dll

VM Arguments:
jvm_args: -Xmx512m 
java_command: com.vaadin.sass.SassCompiler C:\Nir\dev\projects\monitor\web\src\main\webapp\VAADIN\themes\monitorTheme\styles.scss C:\Nir\dev\projects\monitor\web\src\main\webapp\VAADIN\themes\monitorTheme\styles.css
java_class_path (initial): C:\Nir\dev\projects\monitor\web\src\main\webapp;C:\Nir\dev\projects\monitor\web\src\main\webapp;C:\Nir\dev\projects\monitor\web\target\classes;C:\Nir\dev\projects\monitor\web\src\main\java;C:\Users\benorn\.m2\repository\com\vaadin\vaadin-themes\7.7.6\vaadin-themes-7.7.6.jar;C:\Users\benorn\.m2\repository\com\vaadin\vaadin-spring-boot-starter\1.1.1\vaadin-spring-boot-starter-1.1.1.jar;C:\Users\benorn\.m2\repository\com\vaadin\vaadin-spring-boot\1.1.1\vaadin-spring-boot-1.1.1.jar;C:\Users\benorn\.m2\repository\org\springframework\boot\spring-boot\1.4.3.RELEASE\spring-boot-1.4.3.RELEASE.jar;C:\Users\benorn\.m2\repository\org\springframework\boot\spring-boot-autoconfigure\1.4.3.RELEASE\spring-boot-autoconfigure-1.4.3.RELEASE.jar;C:\Users\benorn\.m2\repository\com\vaadin\vaadin-client-compiled\7.7.3\vaadin-client-compiled-7.7.3.jar;C:\Users\benorn\.m2\repository\org\springframework\boot\spring-boot-starter-web\1.4.3.RELEASE\spring-boot-starter-web-1.4.3.RELEASE.jar;C:\Users\benorn\.m2\repository\org\springframework\boot\spring-boot-starter\1.4.3.RELEASE\spring-boot-starter-1.4.3.RELEASE.jar;C:\Users\benorn\.m2\repository\org\springframework\boot\spring-boot-starter-logging\1.4.3.RELEASE\spring-boot-starter-logging-1.4.3.RELEASE.jar;C:\Users\benorn\.m2\repository\ch\qos\logback\logback-classic\1.1.8\logback-classic-1.1.8.jar;C:\Users\benorn\.m2\repository\ch\qos\logback\logback-core\1.1.8\logback-core-1.1.8.jar;C:\Users\benorn\.m2\repository\org\slf4j\jul-to-slf4j\1.7.22\jul-to-slf4j-1.7.22.jar;C:\Users\benorn\.m2\repository\org\slf4j\log4j-over-slf4j\1.7.22\log4j-over-slf4j-1.7.22.jar;C:\Users\benorn\.m2\repository\org\hibernate\hibernate-validator\5.2.4.Final\hibernate-validator-5.2.4.Final.jar;C:\Users\benorn\.m2\repository\javax\validation\validation-api\1.1.0.Final\validation-api-1.1.0.Final.jar;C:\Users\benorn\.m2\repository\org\jboss\logging\jboss-logging\3.3.0.Final\jboss-logging-3.3.0.Final.jar;C:\Users\benorn\.m2\repository\com\faste
Launcher Type: SUN_STANDARD

Environment Variables:
PATH=C:\Program Files\avs\bin;C:\Program Files (x86)\Intel\iCLS Client\;C:\Program Files\Intel\iCLS Client\;C:\Program Files (x86)\RSA SecurID Token Common;C:\ProgramData\Oracle\Java\javapath;C:\windows\system32;C:\windows;C:\windows\System32\Wbem;C:\windows\System32\WindowsPowerShell\v1.0\;C:\Program Files (x86)\Common Files\EMC\;C:\Program Files (x86)\Intel\Intel(R) Management Engine Components\DAL;C:\Program Files\Intel\Intel(R) Management Engine Components\DAL;C:\Program Files (x86)\Intel\Intel(R) Management Engine Components\IPT;C:\Program Files\Intel\Intel(R) Management Engine Components\IPT;C:\Program Files\Intel\WiFi\bin\;C:\Program Files\Common Files\Intel\WirelessCommon\;C:\Program Files\cURL\bin;C:\Nir\jdk\bin;C:\Program Files\Intel\WiFi\bin\;C:\Program Files\Common Files\Intel\WirelessCommon\
USERNAME=benorn
OS=Windows_NT
PROCESSOR_IDENTIFIER=Intel64 Family 6 Model 78 Stepping 3, GenuineIntel



---------------  S Y S T E M  ---------------

OS: Windows 10.0 , 64 bit Build 10586 (10.0.10586.589)

CPU:total 4 (2 cores per cpu, 2 threads per core) family 6 model 78 stepping 3, cmov, cx8, fxsr, mmx, sse, sse2, sse3, ssse3, sse4.1, sse4.2, popcnt, avx, avx2, aes, clmul, erms, rtm, 3dnowpref, lzcnt, ht, tsc, tscinvbit, bmi1, bmi2, adx

Memory: 4k page, physical 8268840k(819908k free), swap 10219560k(5924k free)

vm_info: Java HotSpot(TM) 64-Bit Server VM (25.112-b15) for windows-amd64 JRE (1.8.0_112-b15), built on Sep 22 2016 21:31:56 by "java_re" with MS VC++ 10.0 (VS2010)

time: Tue Jan 24 12:36:21 2017
elapsed time: 2 seconds (0d 0h 0m 2s)

